{"level":"info","message":"MongoDB connected successfully","service":"quizsync-backend","timestamp":"2025-10-25T17:43:00.237Z"}
{"level":"info","message":"Sample host created:","service":"quizsync-backend","timestamp":"2025-10-25T17:43:00.569Z"}
{"level":"info","message":"Sample quiz created:","service":"quizsync-backend","timestamp":"2025-10-25T17:43:00.581Z"}
{"level":"info","message":"Server running on port 5001","service":"quizsync-backend","timestamp":"2025-10-25T20:21:15.053Z"}
{"level":"info","message":"Environment: development","service":"quizsync-backend","timestamp":"2025-10-25T20:21:15.059Z"}
{"level":"info","message":"MongoDB connected successfully","service":"quizsync-backend","timestamp":"2025-10-25T20:21:15.097Z"}
{"level":"info","message":"Server running on port 5001","service":"quizsync-backend","timestamp":"2025-10-25T20:21:18.340Z"}
{"level":"info","message":"Environment: development","service":"quizsync-backend","timestamp":"2025-10-25T20:21:18.342Z"}
{"level":"info","message":"MongoDB connected successfully","service":"quizsync-backend","timestamp":"2025-10-25T20:21:18.347Z"}
{"level":"info","message":"Server running on port 5001","service":"quizsync-backend","timestamp":"2025-10-25T20:21:21.559Z"}
{"level":"info","message":"Environment: development","service":"quizsync-backend","timestamp":"2025-10-25T20:21:21.562Z"}
{"level":"info","message":"MongoDB connected successfully","service":"quizsync-backend","timestamp":"2025-10-25T20:21:21.569Z"}
{"level":"info","message":"User registered: test@example.com","service":"quizsync-backend","timestamp":"2025-10-25T20:21:46.161Z"}
{"level":"info","message":"Server running on port 5001","service":"quizsync-backend","timestamp":"2025-10-25T20:21:56.661Z"}
{"level":"info","message":"Environment: development","service":"quizsync-backend","timestamp":"2025-10-25T20:21:56.668Z"}
{"level":"info","message":"MongoDB connected successfully","service":"quizsync-backend","timestamp":"2025-10-25T20:21:56.693Z"}
{"level":"info","message":"Server running on port 5001","service":"quizsync-backend","timestamp":"2025-10-25T20:23:02.195Z"}
{"level":"info","message":"Environment: development","service":"quizsync-backend","timestamp":"2025-10-25T20:23:02.221Z"}
{"level":"info","message":"MongoDB connected successfully","service":"quizsync-backend","timestamp":"2025-10-25T20:23:02.349Z"}
{"level":"info","message":"Server running on port 5001","service":"quizsync-backend","timestamp":"2025-10-25T20:23:25.692Z"}
{"level":"info","message":"Environment: development","service":"quizsync-backend","timestamp":"2025-10-25T20:23:25.696Z"}
{"level":"info","message":"MongoDB connected successfully","service":"quizsync-backend","timestamp":"2025-10-25T20:23:25.704Z"}
{"level":"info","message":"SIGTERM received, shutting down gracefully","service":"quizsync-backend","timestamp":"2025-10-25T20:23:26.454Z"}
{"level":"info","message":"Server running on port 5001","service":"quizsync-backend","timestamp":"2025-10-25T20:23:58.887Z"}
{"level":"info","message":"Environment: development","service":"quizsync-backend","timestamp":"2025-10-25T20:23:58.890Z"}
{"level":"info","message":"MongoDB connected successfully","service":"quizsync-backend","timestamp":"2025-10-25T20:23:58.909Z"}
{"level":"info","message":"Server running on port 5001","service":"quizsync-backend","timestamp":"2025-10-25T23:25:05.350Z"}
{"level":"info","message":"Environment: development","service":"quizsync-backend","timestamp":"2025-10-25T23:25:05.352Z"}
{"level":"info","message":"MongoDB connected successfully","service":"quizsync-backend","timestamp":"2025-10-25T23:25:05.400Z"}
{"level":"info","message":"User logged in: host@quizsync.com","service":"quizsync-backend","timestamp":"2025-10-25T23:25:11.490Z"}
{"level":"info","message":"Server running on port 5001","service":"quizsync-backend","timestamp":"2025-10-25T23:25:39.891Z"}
{"level":"info","message":"Environment: development","service":"quizsync-backend","timestamp":"2025-10-25T23:25:39.896Z"}
{"level":"info","message":"MongoDB connected successfully","service":"quizsync-backend","timestamp":"2025-10-25T23:25:39.930Z"}
{"level":"info","message":"SIGTERM received, shutting down gracefully","service":"quizsync-backend","timestamp":"2025-10-25T23:25:55.453Z"}
{"level":"info","message":"Server running on port 5001","service":"quizsync-backend","timestamp":"2025-10-25T23:25:59.717Z"}
{"level":"info","message":"Environment: development","service":"quizsync-backend","timestamp":"2025-10-25T23:25:59.718Z"}
{"level":"info","message":"MongoDB connected successfully","service":"quizsync-backend","timestamp":"2025-10-25T23:25:59.723Z"}
{"level":"info","message":"Server running on port 5001","service":"quizsync-backend","timestamp":"2025-10-25T23:32:38.655Z"}
{"level":"info","message":"Environment: development","service":"quizsync-backend","timestamp":"2025-10-25T23:32:38.657Z"}
{"level":"info","message":"MongoDB connected successfully","service":"quizsync-backend","timestamp":"2025-10-25T23:32:39.018Z"}
{"level":"info","message":"MongoDB connected successfully","service":"quizsync-backend","timestamp":"2025-10-26T22:58:21.583Z"}
{"level":"info","message":"Seed data created successfully!","service":"quizsync-backend","timestamp":"2025-10-26T22:58:21.674Z"}
{"level":"info","message":"Server running on port 5001","service":"quizsync-backend","timestamp":"2025-10-26T23:00:08.524Z"}
{"level":"info","message":"Environment: development","service":"quizsync-backend","timestamp":"2025-10-26T23:00:08.526Z"}
{"level":"info","message":"MongoDB connected successfully","service":"quizsync-backend","timestamp":"2025-10-26T23:00:08.940Z"}
{"level":"info","message":"User logged in: host@quizsync.com","service":"quizsync-backend","timestamp":"2025-10-27T00:14:53.379Z"}
{"level":"info","message":"Session created: 68feb98430c0c1f8427c1c20 with PIN 622073 by host@quizsync.com","service":"quizsync-backend","timestamp":"2025-10-27T00:15:00.197Z"}
{"level":"info","message":"Socket connected: kvT8-KApLGW1sL5iAAAC","service":"quizsync-backend","timestamp":"2025-10-27T00:15:00.220Z"}
{"level":"info","message":"Host authenticated: host@quizsync.com","service":"quizsync-backend","timestamp":"2025-10-27T00:15:00.241Z"}
{"level":"info","message":"User registered: arorashreyansh2023@gmail.com","service":"quizsync-backend","timestamp":"2025-10-27T00:15:54.705Z"}
{"level":"info","message":"Socket disconnected: kvT8-KApLGW1sL5iAAAC","service":"quizsync-backend","timestamp":"2025-10-27T00:17:34.786Z"}
{"level":"info","message":"Socket connected: 8pI3tDLmn9b5ZbYGAAAE","service":"quizsync-backend","timestamp":"2025-10-27T00:17:34.800Z"}
{"level":"info","message":"Host authenticated: host@quizsync.com","service":"quizsync-backend","timestamp":"2025-10-27T00:17:34.818Z"}
{"level":"info","message":"Socket disconnected: 8pI3tDLmn9b5ZbYGAAAE","service":"quizsync-backend","timestamp":"2025-10-27T00:17:35.766Z"}
{"level":"info","message":"Socket connected: SAhcRCGuebq51lzxAAAH","service":"quizsync-backend","timestamp":"2025-10-27T00:17:35.773Z"}
{"level":"info","message":"Host authenticated: host@quizsync.com","service":"quizsync-backend","timestamp":"2025-10-27T00:17:35.776Z"}
{"level":"info","message":"Socket disconnected: SAhcRCGuebq51lzxAAAH","service":"quizsync-backend","timestamp":"2025-10-27T00:17:37.788Z"}
{"level":"info","message":"Socket connected: FVzTRksHo6sbT-FrAAAJ","service":"quizsync-backend","timestamp":"2025-10-27T00:17:37.800Z"}
{"level":"info","message":"Host authenticated: host@quizsync.com","service":"quizsync-backend","timestamp":"2025-10-27T00:17:37.813Z"}
{"level":"info","message":"Socket disconnected: FVzTRksHo6sbT-FrAAAJ","service":"quizsync-backend","timestamp":"2025-10-27T00:17:39.785Z"}
{"level":"info","message":"Socket connected: e83N__Wch0Xoi_o9AAAL","service":"quizsync-backend","timestamp":"2025-10-27T00:17:39.809Z"}
{"level":"info","message":"Host authenticated: host@quizsync.com","service":"quizsync-backend","timestamp":"2025-10-27T00:17:39.818Z"}
{"level":"info","message":"Socket disconnected: e83N__Wch0Xoi_o9AAAL","service":"quizsync-backend","timestamp":"2025-10-27T00:17:44.773Z"}
{"level":"info","message":"Socket connected: GRPsVcOltkYXSoNgAAAN","service":"quizsync-backend","timestamp":"2025-10-27T00:17:44.779Z"}
{"level":"info","message":"Host authenticated: host@quizsync.com","service":"quizsync-backend","timestamp":"2025-10-27T00:17:44.785Z"}
{"level":"info","message":"Socket disconnected: GRPsVcOltkYXSoNgAAAN","service":"quizsync-backend","timestamp":"2025-10-27T00:18:03.776Z"}
{"level":"info","message":"Socket connected: PS8Idi76H3n4ugh2AAAP","service":"quizsync-backend","timestamp":"2025-10-27T00:18:03.785Z"}
{"level":"info","message":"Host authenticated: host@quizsync.com","service":"quizsync-backend","timestamp":"2025-10-27T00:18:03.798Z"}
{"level":"info","message":"Socket disconnected: PS8Idi76H3n4ugh2AAAP","service":"quizsync-backend","timestamp":"2025-10-27T00:18:05.772Z"}
{"level":"info","message":"Socket connected: BmpEl-ZuinSc7Z_DAAAR","service":"quizsync-backend","timestamp":"2025-10-27T00:18:05.776Z"}
{"level":"info","message":"Host authenticated: host@quizsync.com","service":"quizsync-backend","timestamp":"2025-10-27T00:18:05.779Z"}
{"level":"info","message":"Socket disconnected: BmpEl-ZuinSc7Z_DAAAR","service":"quizsync-backend","timestamp":"2025-10-27T00:18:12.770Z"}
{"level":"info","message":"Socket connected: rrc-G4Fn_v-eEHrRAAAT","service":"quizsync-backend","timestamp":"2025-10-27T00:18:12.784Z"}
{"level":"info","message":"Host authenticated: host@quizsync.com","service":"quizsync-backend","timestamp":"2025-10-27T00:18:12.792Z"}
{"level":"info","message":"Socket disconnected: rrc-G4Fn_v-eEHrRAAAT","service":"quizsync-backend","timestamp":"2025-10-27T00:18:21.777Z"}
{"level":"info","message":"Socket connected: 455uTwHlDA_eO_f-AAAV","service":"quizsync-backend","timestamp":"2025-10-27T00:18:21.782Z"}
{"level":"info","message":"Host authenticated: host@quizsync.com","service":"quizsync-backend","timestamp":"2025-10-27T00:18:21.787Z"}
{"expiredAt":"2025-10-27T00:29:53.000Z","level":"error","message":"Auth middleware error: jwt expired","name":"TokenExpiredError","service":"quizsync-backend","stack":"TokenExpiredError: jwt expired\n    at /Users/shreyansharora/Desktop/sid singh/backend/node_modules/jsonwebtoken/verify.js:190:21\n    at getSecret (/Users/shreyansharora/Desktop/sid singh/backend/node_modules/jsonwebtoken/verify.js:97:14)\n    at Object.module.exports [as verify] (/Users/shreyansharora/Desktop/sid singh/backend/node_modules/jsonwebtoken/verify.js:101:10)\n    at verifyAccessToken (/Users/shreyansharora/Desktop/sid singh/backend/src/utils/jwt.ts:25:14)\n    at authenticateToken (/Users/shreyansharora/Desktop/sid singh/backend/src/middleware/auth.ts:22:38)\n    at Layer.handle [as handle_request] (/Users/shreyansharora/Desktop/sid singh/backend/node_modules/express/lib/router/layer.js:95:5)\n    at trim_prefix (/Users/shreyansharora/Desktop/sid singh/backend/node_modules/express/lib/router/index.js:328:13)\n    at /Users/shreyansharora/Desktop/sid singh/backend/node_modules/express/lib/router/index.js:286:9\n    at router.process_params (/Users/shreyansharora/Desktop/sid singh/backend/node_modules/express/lib/router/index.js:346:12)\n    at next (/Users/shreyansharora/Desktop/sid singh/backend/node_modules/express/lib/router/index.js:280:10)","timestamp":"2025-10-27T00:38:52.484Z"}
{"expiredAt":"2025-10-27T00:29:53.000Z","level":"error","message":"Auth middleware error: jwt expired","name":"TokenExpiredError","service":"quizsync-backend","stack":"TokenExpiredError: jwt expired\n    at /Users/shreyansharora/Desktop/sid singh/backend/node_modules/jsonwebtoken/verify.js:190:21\n    at getSecret (/Users/shreyansharora/Desktop/sid singh/backend/node_modules/jsonwebtoken/verify.js:97:14)\n    at Object.module.exports [as verify] (/Users/shreyansharora/Desktop/sid singh/backend/node_modules/jsonwebtoken/verify.js:101:10)\n    at verifyAccessToken (/Users/shreyansharora/Desktop/sid singh/backend/src/utils/jwt.ts:25:14)\n    at authenticateToken (/Users/shreyansharora/Desktop/sid singh/backend/src/middleware/auth.ts:22:38)\n    at Layer.handle [as handle_request] (/Users/shreyansharora/Desktop/sid singh/backend/node_modules/express/lib/router/layer.js:95:5)\n    at trim_prefix (/Users/shreyansharora/Desktop/sid singh/backend/node_modules/express/lib/router/index.js:328:13)\n    at /Users/shreyansharora/Desktop/sid singh/backend/node_modules/express/lib/router/index.js:286:9\n    at router.process_params (/Users/shreyansharora/Desktop/sid singh/backend/node_modules/express/lib/router/index.js:346:12)\n    at next (/Users/shreyansharora/Desktop/sid singh/backend/node_modules/express/lib/router/index.js:280:10)","timestamp":"2025-10-27T00:38:52.488Z"}
{"level":"info","message":"Session created: 68febf2030c0c1f8427c1cb0 with PIN 672062 by host@quizsync.com","service":"quizsync-backend","timestamp":"2025-10-27T00:38:56.683Z"}
{"level":"info","message":"Socket connected: EAam0YHQMFR_o3N4AAAY","service":"quizsync-backend","timestamp":"2025-10-27T00:38:56.716Z"}
{"level":"info","message":"Host authenticated: host@quizsync.com","service":"quizsync-backend","timestamp":"2025-10-27T00:38:56.721Z"}
{"level":"info","message":"Socket disconnected: EAam0YHQMFR_o3N4AAAY","service":"quizsync-backend","timestamp":"2025-10-27T00:39:36.090Z"}
{"level":"info","message":"Socket connected: qX5hc742AZIDK8hqAAAa","service":"quizsync-backend","timestamp":"2025-10-27T00:39:36.100Z"}
{"level":"info","message":"Host authenticated: host@quizsync.com","service":"quizsync-backend","timestamp":"2025-10-27T00:39:36.112Z"}
{"level":"info","message":"Socket disconnected: 455uTwHlDA_eO_f-AAAV","service":"quizsync-backend","timestamp":"2025-10-27T00:39:36.786Z"}
{"level":"info","message":"Socket connected: InlUz0AV8yZZRFYRAAAc","service":"quizsync-backend","timestamp":"2025-10-27T00:39:36.793Z"}
{"level":"info","message":"Host authenticated: host@quizsync.com","service":"quizsync-backend","timestamp":"2025-10-27T00:39:36.795Z"}
{"level":"info","message":"Socket disconnected: qX5hc742AZIDK8hqAAAa","service":"quizsync-backend","timestamp":"2025-10-27T00:39:39.445Z"}
{"level":"info","message":"Socket connected: leAETGofgsPlOppnAAAe","service":"quizsync-backend","timestamp":"2025-10-27T00:39:39.452Z"}
{"level":"info","message":"Host authenticated: host@quizsync.com","service":"quizsync-backend","timestamp":"2025-10-27T00:39:39.457Z"}
{"level":"info","message":"Socket disconnected: InlUz0AV8yZZRFYRAAAc","service":"quizsync-backend","timestamp":"2025-10-27T00:39:39.773Z"}
{"level":"info","message":"Socket connected: o2eZ_Nvc_lPLVwaHAAAg","service":"quizsync-backend","timestamp":"2025-10-27T00:39:39.780Z"}
{"level":"info","message":"Host authenticated: host@quizsync.com","service":"quizsync-backend","timestamp":"2025-10-27T00:39:39.783Z"}
{"level":"info","message":"Socket disconnected: leAETGofgsPlOppnAAAe","service":"quizsync-backend","timestamp":"2025-10-27T00:39:40.547Z"}
{"level":"info","message":"Socket connected: 1XYoX05Io3qwGY7qAAAi","service":"quizsync-backend","timestamp":"2025-10-27T00:39:40.553Z"}
{"level":"info","message":"Host authenticated: host@quizsync.com","service":"quizsync-backend","timestamp":"2025-10-27T00:39:40.555Z"}
{"level":"info","message":"Socket disconnected: o2eZ_Nvc_lPLVwaHAAAg","service":"quizsync-backend","timestamp":"2025-10-27T00:39:40.772Z"}
{"level":"info","message":"Socket connected: -qYS2p1LvUkTJS_dAAAk","service":"quizsync-backend","timestamp":"2025-10-27T00:39:40.776Z"}
{"level":"info","message":"Host authenticated: host@quizsync.com","service":"quizsync-backend","timestamp":"2025-10-27T00:39:40.779Z"}
{"level":"info","message":"Socket disconnected: 1XYoX05Io3qwGY7qAAAi","service":"quizsync-backend","timestamp":"2025-10-27T00:39:44.219Z"}
{"level":"info","message":"Socket connected: F3zNMkf7ItRGoxCnAAAm","service":"quizsync-backend","timestamp":"2025-10-27T00:39:44.233Z"}
{"level":"info","message":"Host authenticated: host@quizsync.com","service":"quizsync-backend","timestamp":"2025-10-27T00:39:44.250Z"}
{"level":"info","message":"Socket disconnected: -qYS2p1LvUkTJS_dAAAk","service":"quizsync-backend","timestamp":"2025-10-27T00:39:44.777Z"}
{"level":"info","message":"Socket connected: hlw9NOXyjVtEITNkAAAo","service":"quizsync-backend","timestamp":"2025-10-27T00:39:44.782Z"}
{"level":"info","message":"Host authenticated: host@quizsync.com","service":"quizsync-backend","timestamp":"2025-10-27T00:39:44.786Z"}
{"level":"info","message":"Socket disconnected: F3zNMkf7ItRGoxCnAAAm","service":"quizsync-backend","timestamp":"2025-10-27T00:39:48.778Z"}
{"level":"info","message":"Socket disconnected: hlw9NOXyjVtEITNkAAAo","service":"quizsync-backend","timestamp":"2025-10-27T00:39:48.783Z"}
{"level":"info","message":"Socket connected: YjMYSaNfS5G11IHiAAAr","service":"quizsync-backend","timestamp":"2025-10-27T00:39:48.800Z"}
{"level":"info","message":"Host authenticated: host@quizsync.com","service":"quizsync-backend","timestamp":"2025-10-27T00:39:48.807Z"}
{"level":"info","message":"Socket connected: smPIyT7LwxQmFk9FAAAs","service":"quizsync-backend","timestamp":"2025-10-27T00:39:48.810Z"}
{"level":"info","message":"Host authenticated: host@quizsync.com","service":"quizsync-backend","timestamp":"2025-10-27T00:39:48.812Z"}
{"level":"info","message":"Socket disconnected: YjMYSaNfS5G11IHiAAAr","service":"quizsync-backend","timestamp":"2025-10-27T00:39:54.786Z"}
{"level":"info","message":"Socket connected: fuN1lq1U5RiOj8ghAAAu","service":"quizsync-backend","timestamp":"2025-10-27T00:39:54.801Z"}
{"level":"info","message":"Host authenticated: host@quizsync.com","service":"quizsync-backend","timestamp":"2025-10-27T00:39:54.807Z"}
{"level":"info","message":"Socket disconnected: smPIyT7LwxQmFk9FAAAs","service":"quizsync-backend","timestamp":"2025-10-27T00:39:55.780Z"}
{"level":"info","message":"Socket connected: uY73-klIEIT4kuZxAAAw","service":"quizsync-backend","timestamp":"2025-10-27T00:39:55.788Z"}
{"level":"info","message":"Host authenticated: host@quizsync.com","service":"quizsync-backend","timestamp":"2025-10-27T00:39:55.792Z"}
{"level":"info","message":"Socket disconnected: uY73-klIEIT4kuZxAAAw","service":"quizsync-backend","timestamp":"2025-10-27T00:40:04.786Z"}
{"level":"info","message":"Socket disconnected: fuN1lq1U5RiOj8ghAAAu","service":"quizsync-backend","timestamp":"2025-10-27T00:40:04.789Z"}
{"level":"info","message":"Socket connected: sBIpTZo8nfbNb1d8AAAz","service":"quizsync-backend","timestamp":"2025-10-27T00:40:04.795Z"}
{"level":"info","message":"Socket connected: o5fD3bfat139DMhlAAA0","service":"quizsync-backend","timestamp":"2025-10-27T00:40:04.795Z"}
{"level":"info","message":"Host authenticated: host@quizsync.com","service":"quizsync-backend","timestamp":"2025-10-27T00:40:04.813Z"}
{"level":"info","message":"Host authenticated: host@quizsync.com","service":"quizsync-backend","timestamp":"2025-10-27T00:40:04.816Z"}
{"level":"info","message":"Socket disconnected: o5fD3bfat139DMhlAAA0","service":"quizsync-backend","timestamp":"2025-10-27T01:39:42.750Z"}
{"level":"info","message":"Socket disconnected: sBIpTZo8nfbNb1d8AAAz","service":"quizsync-backend","timestamp":"2025-10-27T01:39:42.783Z"}
{"expiredAt":"2025-10-27T00:53:52.000Z","level":"error","message":"Auth middleware error: jwt expired","name":"TokenExpiredError","service":"quizsync-backend","stack":"TokenExpiredError: jwt expired\n    at /Users/shreyansharora/Desktop/sid singh/backend/node_modules/jsonwebtoken/verify.js:190:21\n    at getSecret (/Users/shreyansharora/Desktop/sid singh/backend/node_modules/jsonwebtoken/verify.js:97:14)\n    at Object.module.exports [as verify] (/Users/shreyansharora/Desktop/sid singh/backend/node_modules/jsonwebtoken/verify.js:101:10)\n    at verifyAccessToken (/Users/shreyansharora/Desktop/sid singh/backend/src/utils/jwt.ts:25:14)\n    at authenticateToken (/Users/shreyansharora/Desktop/sid singh/backend/src/middleware/auth.ts:22:38)\n    at Layer.handle [as handle_request] (/Users/shreyansharora/Desktop/sid singh/backend/node_modules/express/lib/router/layer.js:95:5)\n    at trim_prefix (/Users/shreyansharora/Desktop/sid singh/backend/node_modules/express/lib/router/index.js:328:13)\n    at /Users/shreyansharora/Desktop/sid singh/backend/node_modules/express/lib/router/index.js:286:9\n    at router.process_params (/Users/shreyansharora/Desktop/sid singh/backend/node_modules/express/lib/router/index.js:346:12)\n    at next (/Users/shreyansharora/Desktop/sid singh/backend/node_modules/express/lib/router/index.js:280:10)","timestamp":"2025-10-27T01:39:43.623Z"}
{"expiredAt":"2025-10-27T00:53:52.000Z","level":"error","message":"Auth middleware error: jwt expired","name":"TokenExpiredError","service":"quizsync-backend","stack":"TokenExpiredError: jwt expired\n    at /Users/shreyansharora/Desktop/sid singh/backend/node_modules/jsonwebtoken/verify.js:190:21\n    at getSecret (/Users/shreyansharora/Desktop/sid singh/backend/node_modules/jsonwebtoken/verify.js:97:14)\n    at Object.module.exports [as verify] (/Users/shreyansharora/Desktop/sid singh/backend/node_modules/jsonwebtoken/verify.js:101:10)\n    at verifyAccessToken (/Users/shreyansharora/Desktop/sid singh/backend/src/utils/jwt.ts:25:14)\n    at authenticateToken (/Users/shreyansharora/Desktop/sid singh/backend/src/middleware/auth.ts:22:38)\n    at Layer.handle [as handle_request] (/Users/shreyansharora/Desktop/sid singh/backend/node_modules/express/lib/router/layer.js:95:5)\n    at trim_prefix (/Users/shreyansharora/Desktop/sid singh/backend/node_modules/express/lib/router/index.js:328:13)\n    at /Users/shreyansharora/Desktop/sid singh/backend/node_modules/express/lib/router/index.js:286:9\n    at router.process_params (/Users/shreyansharora/Desktop/sid singh/backend/node_modules/express/lib/router/index.js:346:12)\n    at next (/Users/shreyansharora/Desktop/sid singh/backend/node_modules/express/lib/router/index.js:280:10)","timestamp":"2025-10-27T01:39:43.646Z"}
{"expiredAt":"2025-10-27T00:53:52.000Z","level":"error","message":"Auth middleware error: jwt expired","name":"TokenExpiredError","service":"quizsync-backend","stack":"TokenExpiredError: jwt expired\n    at /Users/shreyansharora/Desktop/sid singh/backend/node_modules/jsonwebtoken/verify.js:190:21\n    at getSecret (/Users/shreyansharora/Desktop/sid singh/backend/node_modules/jsonwebtoken/verify.js:97:14)\n    at Object.module.exports [as verify] (/Users/shreyansharora/Desktop/sid singh/backend/node_modules/jsonwebtoken/verify.js:101:10)\n    at verifyAccessToken (/Users/shreyansharora/Desktop/sid singh/backend/src/utils/jwt.ts:25:14)\n    at authenticateToken (/Users/shreyansharora/Desktop/sid singh/backend/src/middleware/auth.ts:22:38)\n    at Layer.handle [as handle_request] (/Users/shreyansharora/Desktop/sid singh/backend/node_modules/express/lib/router/layer.js:95:5)\n    at trim_prefix (/Users/shreyansharora/Desktop/sid singh/backend/node_modules/express/lib/router/index.js:328:13)\n    at /Users/shreyansharora/Desktop/sid singh/backend/node_modules/express/lib/router/index.js:286:9\n    at router.process_params (/Users/shreyansharora/Desktop/sid singh/backend/node_modules/express/lib/router/index.js:346:12)\n    at next (/Users/shreyansharora/Desktop/sid singh/backend/node_modules/express/lib/router/index.js:280:10)","timestamp":"2025-10-27T01:39:43.647Z"}
{"expiredAt":"2025-10-27T00:53:52.000Z","level":"error","message":"Auth middleware error: jwt expired","name":"TokenExpiredError","service":"quizsync-backend","stack":"TokenExpiredError: jwt expired\n    at /Users/shreyansharora/Desktop/sid singh/backend/node_modules/jsonwebtoken/verify.js:190:21\n    at getSecret (/Users/shreyansharora/Desktop/sid singh/backend/node_modules/jsonwebtoken/verify.js:97:14)\n    at Object.module.exports [as verify] (/Users/shreyansharora/Desktop/sid singh/backend/node_modules/jsonwebtoken/verify.js:101:10)\n    at verifyAccessToken (/Users/shreyansharora/Desktop/sid singh/backend/src/utils/jwt.ts:25:14)\n    at authenticateToken (/Users/shreyansharora/Desktop/sid singh/backend/src/middleware/auth.ts:22:38)\n    at Layer.handle [as handle_request] (/Users/shreyansharora/Desktop/sid singh/backend/node_modules/express/lib/router/layer.js:95:5)\n    at trim_prefix (/Users/shreyansharora/Desktop/sid singh/backend/node_modules/express/lib/router/index.js:328:13)\n    at /Users/shreyansharora/Desktop/sid singh/backend/node_modules/express/lib/router/index.js:286:9\n    at router.process_params (/Users/shreyansharora/Desktop/sid singh/backend/node_modules/express/lib/router/index.js:346:12)\n    at next (/Users/shreyansharora/Desktop/sid singh/backend/node_modules/express/lib/router/index.js:280:10)","timestamp":"2025-10-27T01:39:43.650Z"}
{"expiredAt":"2025-10-27T00:53:52.000Z","level":"error","message":"Auth middleware error: jwt expired","name":"TokenExpiredError","service":"quizsync-backend","stack":"TokenExpiredError: jwt expired\n    at /Users/shreyansharora/Desktop/sid singh/backend/node_modules/jsonwebtoken/verify.js:190:21\n    at getSecret (/Users/shreyansharora/Desktop/sid singh/backend/node_modules/jsonwebtoken/verify.js:97:14)\n    at Object.module.exports [as verify] (/Users/shreyansharora/Desktop/sid singh/backend/node_modules/jsonwebtoken/verify.js:101:10)\n    at verifyAccessToken (/Users/shreyansharora/Desktop/sid singh/backend/src/utils/jwt.ts:25:14)\n    at authenticateToken (/Users/shreyansharora/Desktop/sid singh/backend/src/middleware/auth.ts:22:38)\n    at Layer.handle [as handle_request] (/Users/shreyansharora/Desktop/sid singh/backend/node_modules/express/lib/router/layer.js:95:5)\n    at trim_prefix (/Users/shreyansharora/Desktop/sid singh/backend/node_modules/express/lib/router/index.js:328:13)\n    at /Users/shreyansharora/Desktop/sid singh/backend/node_modules/express/lib/router/index.js:286:9\n    at router.process_params (/Users/shreyansharora/Desktop/sid singh/backend/node_modules/express/lib/router/index.js:346:12)\n    at next (/Users/shreyansharora/Desktop/sid singh/backend/node_modules/express/lib/router/index.js:280:10)","timestamp":"2025-10-27T01:39:43.652Z"}
{"expiredAt":"2025-10-27T00:53:52.000Z","level":"error","message":"Auth middleware error: jwt expired","name":"TokenExpiredError","service":"quizsync-backend","stack":"TokenExpiredError: jwt expired\n    at /Users/shreyansharora/Desktop/sid singh/backend/node_modules/jsonwebtoken/verify.js:190:21\n    at getSecret (/Users/shreyansharora/Desktop/sid singh/backend/node_modules/jsonwebtoken/verify.js:97:14)\n    at Object.module.exports [as verify] (/Users/shreyansharora/Desktop/sid singh/backend/node_modules/jsonwebtoken/verify.js:101:10)\n    at verifyAccessToken (/Users/shreyansharora/Desktop/sid singh/backend/src/utils/jwt.ts:25:14)\n    at authenticateToken (/Users/shreyansharora/Desktop/sid singh/backend/src/middleware/auth.ts:22:38)\n    at Layer.handle [as handle_request] (/Users/shreyansharora/Desktop/sid singh/backend/node_modules/express/lib/router/layer.js:95:5)\n    at trim_prefix (/Users/shreyansharora/Desktop/sid singh/backend/node_modules/express/lib/router/index.js:328:13)\n    at /Users/shreyansharora/Desktop/sid singh/backend/node_modules/express/lib/router/index.js:286:9\n    at router.process_params (/Users/shreyansharora/Desktop/sid singh/backend/node_modules/express/lib/router/index.js:346:12)\n    at next (/Users/shreyansharora/Desktop/sid singh/backend/node_modules/express/lib/router/index.js:280:10)","timestamp":"2025-10-27T01:39:43.657Z"}
{"level":"info","message":"Socket connected: DWzeFFrDNYSaPFsKAAA3","service":"quizsync-backend","timestamp":"2025-10-27T01:39:43.872Z"}
{"expiredAt":"2025-10-27T00:53:52.000Z","level":"error","message":"Socket authentication error: jwt expired","name":"TokenExpiredError","service":"quizsync-backend","stack":"TokenExpiredError: jwt expired\n    at /Users/shreyansharora/Desktop/sid singh/backend/node_modules/jsonwebtoken/verify.js:190:21\n    at getSecret (/Users/shreyansharora/Desktop/sid singh/backend/node_modules/jsonwebtoken/verify.js:97:14)\n    at Object.module.exports [as verify] (/Users/shreyansharora/Desktop/sid singh/backend/node_modules/jsonwebtoken/verify.js:101:10)\n    at verifyAccessToken (/Users/shreyansharora/Desktop/sid singh/backend/src/utils/jwt.ts:25:14)\n    at Socket.<anonymous> (/Users/shreyansharora/Desktop/sid singh/backend/src/sockets/gameSocket.ts:46:42)\n    at Socket.emit (node:events:508:28)\n    at Socket.emit (node:domain:489:12)\n    at Socket.emitUntyped (/Users/shreyansharora/Desktop/sid singh/backend/node_modules/socket.io/dist/typed-events.js:69:22)\n    at /Users/shreyansharora/Desktop/sid singh/backend/node_modules/socket.io/dist/socket.js:697:39\n    at processTicksAndRejections (node:internal/process/task_queues:85:11)","timestamp":"2025-10-27T01:39:43.940Z"}
{"level":"info","message":"Socket connected: T1ewEDjaSXvREq5zAAA6","service":"quizsync-backend","timestamp":"2025-10-27T01:39:43.942Z"}
{"expiredAt":"2025-10-27T00:53:52.000Z","level":"error","message":"Auth middleware error: jwt expired","name":"TokenExpiredError","service":"quizsync-backend","stack":"TokenExpiredError: jwt expired\n    at /Users/shreyansharora/Desktop/sid singh/backend/node_modules/jsonwebtoken/verify.js:190:21\n    at getSecret (/Users/shreyansharora/Desktop/sid singh/backend/node_modules/jsonwebtoken/verify.js:97:14)\n    at Object.module.exports [as verify] (/Users/shreyansharora/Desktop/sid singh/backend/node_modules/jsonwebtoken/verify.js:101:10)\n    at verifyAccessToken (/Users/shreyansharora/Desktop/sid singh/backend/src/utils/jwt.ts:25:14)\n    at authenticateToken (/Users/shreyansharora/Desktop/sid singh/backend/src/middleware/auth.ts:22:38)\n    at Layer.handle [as handle_request] (/Users/shreyansharora/Desktop/sid singh/backend/node_modules/express/lib/router/layer.js:95:5)\n    at trim_prefix (/Users/shreyansharora/Desktop/sid singh/backend/node_modules/express/lib/router/index.js:328:13)\n    at /Users/shreyansharora/Desktop/sid singh/backend/node_modules/express/lib/router/index.js:286:9\n    at router.process_params (/Users/shreyansharora/Desktop/sid singh/backend/node_modules/express/lib/router/index.js:346:12)\n    at next (/Users/shreyansharora/Desktop/sid singh/backend/node_modules/express/lib/router/index.js:280:10)","timestamp":"2025-10-27T01:39:43.981Z"}
{"expiredAt":"2025-10-27T00:53:52.000Z","level":"error","message":"Socket authentication error: jwt expired","name":"TokenExpiredError","service":"quizsync-backend","stack":"TokenExpiredError: jwt expired\n    at /Users/shreyansharora/Desktop/sid singh/backend/node_modules/jsonwebtoken/verify.js:190:21\n    at getSecret (/Users/shreyansharora/Desktop/sid singh/backend/node_modules/jsonwebtoken/verify.js:97:14)\n    at Object.module.exports [as verify] (/Users/shreyansharora/Desktop/sid singh/backend/node_modules/jsonwebtoken/verify.js:101:10)\n    at verifyAccessToken (/Users/shreyansharora/Desktop/sid singh/backend/src/utils/jwt.ts:25:14)\n    at Socket.<anonymous> (/Users/shreyansharora/Desktop/sid singh/backend/src/sockets/gameSocket.ts:46:42)\n    at Socket.emit (node:events:508:28)\n    at Socket.emit (node:domain:489:12)\n    at Socket.emitUntyped (/Users/shreyansharora/Desktop/sid singh/backend/node_modules/socket.io/dist/typed-events.js:69:22)\n    at /Users/shreyansharora/Desktop/sid singh/backend/node_modules/socket.io/dist/socket.js:697:39\n    at processTicksAndRejections (node:internal/process/task_queues:85:11)","timestamp":"2025-10-27T01:39:43.988Z"}
{"expiredAt":"2025-10-27T00:53:52.000Z","level":"error","message":"Auth middleware error: jwt expired","name":"TokenExpiredError","service":"quizsync-backend","stack":"TokenExpiredError: jwt expired\n    at /Users/shreyansharora/Desktop/sid singh/backend/node_modules/jsonwebtoken/verify.js:190:21\n    at getSecret (/Users/shreyansharora/Desktop/sid singh/backend/node_modules/jsonwebtoken/verify.js:97:14)\n    at Object.module.exports [as verify] (/Users/shreyansharora/Desktop/sid singh/backend/node_modules/jsonwebtoken/verify.js:101:10)\n    at verifyAccessToken (/Users/shreyansharora/Desktop/sid singh/backend/src/utils/jwt.ts:25:14)\n    at authenticateToken (/Users/shreyansharora/Desktop/sid singh/backend/src/middleware/auth.ts:22:38)\n    at Layer.handle [as handle_request] (/Users/shreyansharora/Desktop/sid singh/backend/node_modules/express/lib/router/layer.js:95:5)\n    at trim_prefix (/Users/shreyansharora/Desktop/sid singh/backend/node_modules/express/lib/router/index.js:328:13)\n    at /Users/shreyansharora/Desktop/sid singh/backend/node_modules/express/lib/router/index.js:286:9\n    at router.process_params (/Users/shreyansharora/Desktop/sid singh/backend/node_modules/express/lib/router/index.js:346:12)\n    at next (/Users/shreyansharora/Desktop/sid singh/backend/node_modules/express/lib/router/index.js:280:10)","timestamp":"2025-10-27T01:39:43.989Z"}
{"level":"error","message":"Token refresh error: No matching document found for id \"68fd0c2449c90365be1d7906\" version 3 modifiedPaths \"refreshTokens\"","modifiedPaths":["refreshTokens"],"service":"quizsync-backend","stack":"VersionError: No matching document found for id \"68fd0c2449c90365be1d7906\" version 3 modifiedPaths \"refreshTokens\"\n    at generateVersionError (/Users/shreyansharora/Desktop/sid singh/backend/node_modules/mongoose/lib/model.js:571:10)\n    at model.save (/Users/shreyansharora/Desktop/sid singh/backend/node_modules/mongoose/lib/model.js:629:28)\n    at refresh (/Users/shreyansharora/Desktop/sid singh/backend/src/controllers/authController.ts:116:16)\n    at processTicksAndRejections (node:internal/process/task_queues:105:5)","timestamp":"2025-10-27T01:39:44.662Z","version":3}
{"level":"error","message":"Token refresh error: No matching document found for id \"68fd0c2449c90365be1d7906\" version 3 modifiedPaths \"refreshTokens\"","modifiedPaths":["refreshTokens"],"service":"quizsync-backend","stack":"VersionError: No matching document found for id \"68fd0c2449c90365be1d7906\" version 3 modifiedPaths \"refreshTokens\"\n    at generateVersionError (/Users/shreyansharora/Desktop/sid singh/backend/node_modules/mongoose/lib/model.js:571:10)\n    at model.save (/Users/shreyansharora/Desktop/sid singh/backend/node_modules/mongoose/lib/model.js:629:28)\n    at refresh (/Users/shreyansharora/Desktop/sid singh/backend/src/controllers/authController.ts:116:16)\n    at processTicksAndRejections (node:internal/process/task_queues:105:5)","timestamp":"2025-10-27T01:39:44.664Z","version":3}
{"level":"error","message":"Token refresh error: No matching document found for id \"68fd0c2449c90365be1d7906\" version 3 modifiedPaths \"refreshTokens\"","modifiedPaths":["refreshTokens"],"service":"quizsync-backend","stack":"VersionError: No matching document found for id \"68fd0c2449c90365be1d7906\" version 3 modifiedPaths \"refreshTokens\"\n    at generateVersionError (/Users/shreyansharora/Desktop/sid singh/backend/node_modules/mongoose/lib/model.js:571:10)\n    at model.save (/Users/shreyansharora/Desktop/sid singh/backend/node_modules/mongoose/lib/model.js:629:28)\n    at refresh (/Users/shreyansharora/Desktop/sid singh/backend/src/controllers/authController.ts:116:16)\n    at processTicksAndRejections (node:internal/process/task_queues:105:5)","timestamp":"2025-10-27T01:39:44.681Z","version":3}
{"level":"info","message":"Socket disconnected: T1ewEDjaSXvREq5zAAA6","service":"quizsync-backend","timestamp":"2025-10-27T01:39:44.747Z"}
{"level":"info","message":"Socket disconnected: DWzeFFrDNYSaPFsKAAA3","service":"quizsync-backend","timestamp":"2025-10-27T01:39:44.767Z"}
{"level":"info","message":"User logged in: host@quizsync.com","service":"quizsync-backend","timestamp":"2025-10-27T10:56:21.888Z"}
{"level":"info","message":"Session created: 68ff4fd930c0c1f8427c1d60 with PIN 846540 by host@quizsync.com","service":"quizsync-backend","timestamp":"2025-10-27T10:56:25.407Z"}
{"level":"info","message":"Socket connected: bFKIpiAKkkkexwK3AAA9","service":"quizsync-backend","timestamp":"2025-10-27T10:56:25.466Z"}
{"level":"info","message":"Host authenticated: host@quizsync.com","service":"quizsync-backend","timestamp":"2025-10-27T10:56:25.471Z"}
{"level":"info","message":"Server running on port 5001","service":"quizsync-backend","timestamp":"2025-10-27T11:01:56.268Z"}
{"level":"info","message":"Environment: development","service":"quizsync-backend","timestamp":"2025-10-27T11:01:56.273Z"}
{"level":"info","message":"Server running on port 5001","service":"quizsync-backend","timestamp":"2025-10-27T11:01:58.214Z"}
{"level":"info","message":"Environment: development","service":"quizsync-backend","timestamp":"2025-10-27T11:01:58.218Z"}
{"level":"info","message":"MongoDB connected successfully","service":"quizsync-backend","timestamp":"2025-10-27T11:01:58.224Z"}
{"level":"info","message":"Socket connected: -ccsO_sambsueDxwAAAB","service":"quizsync-backend","timestamp":"2025-10-27T11:01:59.486Z"}
{"level":"info","message":"Host authenticated: host@quizsync.com","service":"quizsync-backend","timestamp":"2025-10-27T11:01:59.505Z"}
{"level":"info","message":"Host joined session: 68ff4fd930c0c1f8427c1d60","service":"quizsync-backend","timestamp":"2025-10-27T11:02:00.628Z"}
{"level":"info","message":"SIGTERM received, shutting down gracefully","service":"quizsync-backend","timestamp":"2025-10-27T11:02:10.500Z"}
{"level":"info","message":"SIGINT received, shutting down gracefully","service":"quizsync-backend","timestamp":"2025-10-27T11:02:10.520Z"}
{"level":"info","message":"SIGINT received, shutting down gracefully","service":"quizsync-backend","timestamp":"2025-10-27T11:02:10.539Z"}
{"level":"info","message":"Server running on port 5001","service":"quizsync-backend","timestamp":"2025-10-27T11:02:13.564Z"}
{"level":"info","message":"Environment: development","service":"quizsync-backend","timestamp":"2025-10-27T11:02:13.566Z"}
{"level":"info","message":"MongoDB connected successfully","service":"quizsync-backend","timestamp":"2025-10-27T11:02:13.572Z"}
{"level":"info","message":"Process terminated","service":"quizsync-backend","timestamp":"2025-10-27T11:03:16.494Z"}
{"level":"info","message":"Server running on port 5001","service":"quizsync-backend","timestamp":"2025-10-27T11:03:18.831Z"}
{"level":"info","message":"Environment: development","service":"quizsync-backend","timestamp":"2025-10-27T11:03:18.837Z"}
{"level":"info","message":"MongoDB connected successfully","service":"quizsync-backend","timestamp":"2025-10-27T11:03:18.850Z"}
{"level":"info","message":"Socket connected: LtE1xZtOk8Z9zkJoAAAB","service":"quizsync-backend","timestamp":"2025-10-27T11:03:20.504Z"}
{"level":"info","message":"Host authenticated: host@quizsync.com","service":"quizsync-backend","timestamp":"2025-10-27T11:03:20.513Z"}
{"level":"info","message":"Host joined session: 68ff4fd930c0c1f8427c1d60","service":"quizsync-backend","timestamp":"2025-10-27T11:03:20.537Z"}
{"expiredAt":"2025-10-27T11:11:21.000Z","level":"error","message":"Auth middleware error: jwt expired","name":"TokenExpiredError","service":"quizsync-backend","stack":"TokenExpiredError: jwt expired\n    at /Users/shreyansharora/Desktop/sid singh/backend/node_modules/jsonwebtoken/verify.js:190:21\n    at getSecret (/Users/shreyansharora/Desktop/sid singh/backend/node_modules/jsonwebtoken/verify.js:97:14)\n    at Object.module.exports [as verify] (/Users/shreyansharora/Desktop/sid singh/backend/node_modules/jsonwebtoken/verify.js:101:10)\n    at verifyAccessToken (/Users/shreyansharora/Desktop/sid singh/backend/src/utils/jwt.ts:25:14)\n    at authenticateToken (/Users/shreyansharora/Desktop/sid singh/backend/src/middleware/auth.ts:22:38)\n    at Layer.handle [as handle_request] (/Users/shreyansharora/Desktop/sid singh/backend/node_modules/express/lib/router/layer.js:95:5)\n    at trim_prefix (/Users/shreyansharora/Desktop/sid singh/backend/node_modules/express/lib/router/index.js:328:13)\n    at /Users/shreyansharora/Desktop/sid singh/backend/node_modules/express/lib/router/index.js:286:9\n    at router.process_params (/Users/shreyansharora/Desktop/sid singh/backend/node_modules/express/lib/router/index.js:346:12)\n    at next (/Users/shreyansharora/Desktop/sid singh/backend/node_modules/express/lib/router/index.js:280:10)","timestamp":"2025-10-27T11:17:27.933Z"}
{"expiredAt":"2025-10-27T11:11:21.000Z","level":"error","message":"Auth middleware error: jwt expired","name":"TokenExpiredError","service":"quizsync-backend","stack":"TokenExpiredError: jwt expired\n    at /Users/shreyansharora/Desktop/sid singh/backend/node_modules/jsonwebtoken/verify.js:190:21\n    at getSecret (/Users/shreyansharora/Desktop/sid singh/backend/node_modules/jsonwebtoken/verify.js:97:14)\n    at Object.module.exports [as verify] (/Users/shreyansharora/Desktop/sid singh/backend/node_modules/jsonwebtoken/verify.js:101:10)\n    at verifyAccessToken (/Users/shreyansharora/Desktop/sid singh/backend/src/utils/jwt.ts:25:14)\n    at authenticateToken (/Users/shreyansharora/Desktop/sid singh/backend/src/middleware/auth.ts:22:38)\n    at Layer.handle [as handle_request] (/Users/shreyansharora/Desktop/sid singh/backend/node_modules/express/lib/router/layer.js:95:5)\n    at trim_prefix (/Users/shreyansharora/Desktop/sid singh/backend/node_modules/express/lib/router/index.js:328:13)\n    at /Users/shreyansharora/Desktop/sid singh/backend/node_modules/express/lib/router/index.js:286:9\n    at router.process_params (/Users/shreyansharora/Desktop/sid singh/backend/node_modules/express/lib/router/index.js:346:12)\n    at next (/Users/shreyansharora/Desktop/sid singh/backend/node_modules/express/lib/router/index.js:280:10)","timestamp":"2025-10-27T11:17:27.964Z"}
{"level":"info","message":"Session created: 68ff54cab75dd41a607c51ab with PIN 834817 by host@quizsync.com","service":"quizsync-backend","timestamp":"2025-10-27T11:17:30.030Z"}
{"level":"info","message":"Socket connected: 5euplfrUzCqH41ThAAAE","service":"quizsync-backend","timestamp":"2025-10-27T11:17:30.055Z"}
{"level":"info","message":"Host authenticated: host@quizsync.com","service":"quizsync-backend","timestamp":"2025-10-27T11:17:30.065Z"}
{"level":"info","message":"Host joined session: 68ff54cab75dd41a607c51ab","service":"quizsync-backend","timestamp":"2025-10-27T11:17:30.082Z"}
{"level":"info","message":"Server running on port 5001","service":"quizsync-backend","timestamp":"2025-10-27T11:17:52.784Z"}
{"level":"info","message":"Environment: development","service":"quizsync-backend","timestamp":"2025-10-27T11:17:52.796Z"}
{"level":"info","message":"MongoDB connected successfully","service":"quizsync-backend","timestamp":"2025-10-27T11:17:53.490Z"}
{"level":"info","message":"Socket connected: QZCP7ppurM1JHJ3wAAAC","service":"quizsync-backend","timestamp":"2025-10-27T11:17:54.705Z"}
{"level":"info","message":"Socket connected: xgtBog1MSpQMG_UIAAAD","service":"quizsync-backend","timestamp":"2025-10-27T11:17:54.706Z"}
{"level":"info","message":"Host authenticated: host@quizsync.com","service":"quizsync-backend","timestamp":"2025-10-27T11:17:54.719Z"}
{"level":"info","message":"Host authenticated: host@quizsync.com","service":"quizsync-backend","timestamp":"2025-10-27T11:17:54.721Z"}
{"level":"info","message":"Host joined session: 68ff4fd930c0c1f8427c1d60","service":"quizsync-backend","timestamp":"2025-10-27T11:17:54.909Z"}
{"level":"info","message":"Host joined session: 68ff54cab75dd41a607c51ab","service":"quizsync-backend","timestamp":"2025-10-27T11:17:54.911Z"}
{"level":"info","message":"Socket connected: wlsCaNb1MCUgWgv0AAAF","service":"quizsync-backend","timestamp":"2025-10-27T11:18:19.529Z"}
{"level":"info","message":"Host authenticated: host@quizsync.com","service":"quizsync-backend","timestamp":"2025-10-27T11:18:19.547Z"}
{"level":"info","message":"Socket connected: P21qkWmZsuZLTC__AAAH","service":"quizsync-backend","timestamp":"2025-10-27T11:18:19.548Z"}
{"level":"info","message":"Host authenticated: host@quizsync.com","service":"quizsync-backend","timestamp":"2025-10-27T11:18:19.550Z"}
{"level":"info","message":"Socket disconnected: xgtBog1MSpQMG_UIAAAD","service":"quizsync-backend","timestamp":"2025-10-27T11:18:19.613Z"}
{"level":"info","message":"Socket disconnected: QZCP7ppurM1JHJ3wAAAC","service":"quizsync-backend","timestamp":"2025-10-27T11:18:19.613Z"}
{"level":"info","message":"Host joined session: 68ff54cab75dd41a607c51ab","service":"quizsync-backend","timestamp":"2025-10-27T11:18:19.626Z"}
{"level":"info","message":"Host joined session: 68ff4fd930c0c1f8427c1d60","service":"quizsync-backend","timestamp":"2025-10-27T11:18:19.628Z"}
{"level":"info","message":"Socket connected: IsY6LrUnCQPYQgbUAAAK","service":"quizsync-backend","timestamp":"2025-10-27T11:18:35.587Z"}
{"level":"info","message":"Socket connected: quMd4I781l5n5wyYAAAL","service":"quizsync-backend","timestamp":"2025-10-27T11:18:35.643Z"}
{"level":"info","message":"Host authenticated: host@quizsync.com","service":"quizsync-backend","timestamp":"2025-10-27T11:18:35.651Z"}
{"level":"info","message":"Host authenticated: host@quizsync.com","service":"quizsync-backend","timestamp":"2025-10-27T11:18:35.696Z"}
{"level":"info","message":"Socket disconnected: wlsCaNb1MCUgWgv0AAAF","service":"quizsync-backend","timestamp":"2025-10-27T11:18:37.717Z"}
{"level":"info","message":"Socket disconnected: P21qkWmZsuZLTC__AAAH","service":"quizsync-backend","timestamp":"2025-10-27T11:18:37.748Z"}
{"level":"info","message":"Host joined session: 68ff4fd930c0c1f8427c1d60","service":"quizsync-backend","timestamp":"2025-10-27T11:18:38.051Z"}
{"level":"info","message":"Host joined session: 68ff54cab75dd41a607c51ab","service":"quizsync-backend","timestamp":"2025-10-27T11:18:38.100Z"}
{"level":"info","message":"Socket disconnected: IsY6LrUnCQPYQgbUAAAK","service":"quizsync-backend","timestamp":"2025-10-27T11:18:51.548Z"}
{"level":"info","message":"Socket disconnected: quMd4I781l5n5wyYAAAL","service":"quizsync-backend","timestamp":"2025-10-27T11:18:51.549Z"}
{"level":"info","message":"Socket connected: DAiwnaxAkZ5KLyH1AAAO","service":"quizsync-backend","timestamp":"2025-10-27T11:18:51.575Z"}
{"level":"info","message":"Socket connected: ZGs2x_GIq1E1HT6IAAAP","service":"quizsync-backend","timestamp":"2025-10-27T11:18:51.575Z"}
{"level":"info","message":"Host authenticated: host@quizsync.com","service":"quizsync-backend","timestamp":"2025-10-27T11:18:51.596Z"}
{"level":"info","message":"Host authenticated: host@quizsync.com","service":"quizsync-backend","timestamp":"2025-10-27T11:18:51.597Z"}
{"level":"info","message":"Host joined session: 68ff54cab75dd41a607c51ab","service":"quizsync-backend","timestamp":"2025-10-27T11:18:51.612Z"}
{"level":"info","message":"Host joined session: 68ff4fd930c0c1f8427c1d60","service":"quizsync-backend","timestamp":"2025-10-27T11:18:51.682Z"}
{"level":"info","message":"Server running on port 5001","service":"quizsync-backend","timestamp":"2025-10-27T11:20:55.801Z"}
{"level":"info","message":"Environment: development","service":"quizsync-backend","timestamp":"2025-10-27T11:20:55.803Z"}
{"level":"info","message":"MongoDB connected successfully","service":"quizsync-backend","timestamp":"2025-10-27T11:20:55.854Z"}
{"level":"info","message":"Socket connected: lS4hxc0ijsFJrXUOAAAC","service":"quizsync-backend","timestamp":"2025-10-27T11:20:56.511Z"}
{"level":"info","message":"Socket connected: NU2ccsVaw2vE68WOAAAD","service":"quizsync-backend","timestamp":"2025-10-27T11:20:56.514Z"}
{"level":"info","message":"Host authenticated: host@quizsync.com","service":"quizsync-backend","timestamp":"2025-10-27T11:20:56.524Z"}
{"level":"info","message":"Host authenticated: host@quizsync.com","service":"quizsync-backend","timestamp":"2025-10-27T11:20:56.534Z"}
{"level":"info","message":"Host joined session: 68ff4fd930c0c1f8427c1d60","service":"quizsync-backend","timestamp":"2025-10-27T11:20:56.585Z"}
{"level":"info","message":"Host joined session: 68ff54cab75dd41a607c51ab","service":"quizsync-backend","timestamp":"2025-10-27T11:20:56.587Z"}
{"level":"info","message":"Server running on port 5001","service":"quizsync-backend","timestamp":"2025-10-27T12:09:35.295Z"}
{"level":"info","message":"Environment: development","service":"quizsync-backend","timestamp":"2025-10-27T12:09:35.303Z"}
{"level":"info","message":"MongoDB connected successfully","service":"quizsync-backend","timestamp":"2025-10-27T12:09:38.324Z"}
{"level":"info","message":"Socket connected: HXiORvTxJO6b5BbqAAAB","service":"quizsync-backend","timestamp":"2025-10-27T12:09:38.650Z"}
{"expiredAt":"2025-10-27T11:32:28.000Z","level":"error","message":"Socket authentication error: jwt expired","name":"TokenExpiredError","service":"quizsync-backend","stack":"TokenExpiredError: jwt expired\n    at /Users/shreyansharora/Desktop/sid singh/backend/node_modules/jsonwebtoken/verify.js:190:21\n    at getSecret (/Users/shreyansharora/Desktop/sid singh/backend/node_modules/jsonwebtoken/verify.js:97:14)\n    at Object.module.exports [as verify] (/Users/shreyansharora/Desktop/sid singh/backend/node_modules/jsonwebtoken/verify.js:101:10)\n    at verifyAccessToken (/Users/shreyansharora/Desktop/sid singh/backend/src/utils/jwt.ts:25:14)\n    at Socket.<anonymous> (/Users/shreyansharora/Desktop/sid singh/backend/src/sockets/gameSocket.ts:46:42)\n    at Socket.emit (node:events:508:28)\n    at Socket.emit (node:domain:489:12)\n    at Socket.emitUntyped (/Users/shreyansharora/Desktop/sid singh/backend/node_modules/socket.io/dist/typed-events.js:69:22)\n    at /Users/shreyansharora/Desktop/sid singh/backend/node_modules/socket.io/dist/socket.js:697:39\n    at processTicksAndRejections (node:internal/process/task_queues:85:11)","timestamp":"2025-10-27T12:09:38.716Z"}
{"level":"info","message":"Socket connected: hiiTSxeu4bj-NK5BAAAD","service":"quizsync-backend","timestamp":"2025-10-27T12:09:39.534Z"}
{"expiredAt":"2025-10-27T11:32:28.000Z","level":"error","message":"Socket authentication error: jwt expired","name":"TokenExpiredError","service":"quizsync-backend","stack":"TokenExpiredError: jwt expired\n    at /Users/shreyansharora/Desktop/sid singh/backend/node_modules/jsonwebtoken/verify.js:190:21\n    at getSecret (/Users/shreyansharora/Desktop/sid singh/backend/node_modules/jsonwebtoken/verify.js:97:14)\n    at Object.module.exports [as verify] (/Users/shreyansharora/Desktop/sid singh/backend/node_modules/jsonwebtoken/verify.js:101:10)\n    at verifyAccessToken (/Users/shreyansharora/Desktop/sid singh/backend/src/utils/jwt.ts:25:14)\n    at Socket.<anonymous> (/Users/shreyansharora/Desktop/sid singh/backend/src/sockets/gameSocket.ts:46:42)\n    at Socket.emit (node:events:508:28)\n    at Socket.emit (node:domain:489:12)\n    at Socket.emitUntyped (/Users/shreyansharora/Desktop/sid singh/backend/node_modules/socket.io/dist/typed-events.js:69:22)\n    at /Users/shreyansharora/Desktop/sid singh/backend/node_modules/socket.io/dist/socket.js:697:39\n    at processTicksAndRejections (node:internal/process/task_queues:85:11)","timestamp":"2025-10-27T12:09:39.552Z"}
{"level":"info","message":"Server running on port 5001","service":"quizsync-backend","timestamp":"2025-10-27T12:17:38.237Z"}
{"level":"info","message":"Environment: development","service":"quizsync-backend","timestamp":"2025-10-27T12:17:38.262Z"}
{"level":"info","message":"MongoDB connected successfully","service":"quizsync-backend","timestamp":"2025-10-27T12:17:43.010Z"}
{"expiredAt":"2025-10-27T11:32:28.000Z","level":"error","message":"Auth middleware error: jwt expired","name":"TokenExpiredError","service":"quizsync-backend","stack":"TokenExpiredError: jwt expired\n    at /Users/shreyansharora/Desktop/sid singh/backend/node_modules/jsonwebtoken/verify.js:190:21\n    at getSecret (/Users/shreyansharora/Desktop/sid singh/backend/node_modules/jsonwebtoken/verify.js:97:14)\n    at Object.module.exports [as verify] (/Users/shreyansharora/Desktop/sid singh/backend/node_modules/jsonwebtoken/verify.js:101:10)\n    at verifyAccessToken (/Users/shreyansharora/Desktop/sid singh/backend/src/utils/jwt.ts:25:14)\n    at authenticateToken (/Users/shreyansharora/Desktop/sid singh/backend/src/middleware/auth.ts:22:38)\n    at Layer.handle [as handle_request] (/Users/shreyansharora/Desktop/sid singh/backend/node_modules/express/lib/router/layer.js:95:5)\n    at trim_prefix (/Users/shreyansharora/Desktop/sid singh/backend/node_modules/express/lib/router/index.js:328:13)\n    at /Users/shreyansharora/Desktop/sid singh/backend/node_modules/express/lib/router/index.js:286:9\n    at router.process_params (/Users/shreyansharora/Desktop/sid singh/backend/node_modules/express/lib/router/index.js:346:12)\n    at next (/Users/shreyansharora/Desktop/sid singh/backend/node_modules/express/lib/router/index.js:280:10)","timestamp":"2025-10-27T12:17:43.595Z"}
{"expiredAt":"2025-10-27T11:32:28.000Z","level":"error","message":"Auth middleware error: jwt expired","name":"TokenExpiredError","service":"quizsync-backend","stack":"TokenExpiredError: jwt expired\n    at /Users/shreyansharora/Desktop/sid singh/backend/node_modules/jsonwebtoken/verify.js:190:21\n    at getSecret (/Users/shreyansharora/Desktop/sid singh/backend/node_modules/jsonwebtoken/verify.js:97:14)\n    at Object.module.exports [as verify] (/Users/shreyansharora/Desktop/sid singh/backend/node_modules/jsonwebtoken/verify.js:101:10)\n    at verifyAccessToken (/Users/shreyansharora/Desktop/sid singh/backend/src/utils/jwt.ts:25:14)\n    at authenticateToken (/Users/shreyansharora/Desktop/sid singh/backend/src/middleware/auth.ts:22:38)\n    at Layer.handle [as handle_request] (/Users/shreyansharora/Desktop/sid singh/backend/node_modules/express/lib/router/layer.js:95:5)\n    at trim_prefix (/Users/shreyansharora/Desktop/sid singh/backend/node_modules/express/lib/router/index.js:328:13)\n    at /Users/shreyansharora/Desktop/sid singh/backend/node_modules/express/lib/router/index.js:286:9\n    at router.process_params (/Users/shreyansharora/Desktop/sid singh/backend/node_modules/express/lib/router/index.js:346:12)\n    at next (/Users/shreyansharora/Desktop/sid singh/backend/node_modules/express/lib/router/index.js:280:10)","timestamp":"2025-10-27T12:17:43.607Z"}
{"level":"info","message":"Server running on port 5001","service":"quizsync-backend","timestamp":"2025-10-27T12:17:53.623Z"}
{"level":"info","message":"Environment: development","service":"quizsync-backend","timestamp":"2025-10-27T12:17:53.691Z"}
{"level":"info","message":"MongoDB connected successfully","service":"quizsync-backend","timestamp":"2025-10-27T12:17:55.233Z"}
